{"C:\\Data\\Projects\\gitproject\\SPFxWithRTL\\src\\extensions\\spfxWithRtl\\SpfxWithRtlApplicationCustomizer.ts": {"path":"C:\\Data\\Projects\\gitproject\\SPFxWithRTL\\src\\extensions\\spfxWithRtl\\SpfxWithRtlApplicationCustomizer.ts","statementMap":{"0":{"start":{"line":1,"column":0},"end":{"line":1,"column":49}},"1":{"start":{"line":2,"column":0},"end":{"line":2,"column":38}},"2":{"start":{"line":3,"column":0},"end":{"line":3,"column":31}},"3":{"start":{"line":4,"column":0},"end":{"line":4,"column":null}},"4":{"start":{"line":7,"column":0},"end":{"line":7,"column":46}},"5":{"start":{"line":8,"column":0},"end":{"line":8,"column":67}},"6":{"start":{"line":10,"column":0},"end":{"line":10,"column":44}},"7":{"start":{"line":11,"column":27},"end":{"line":11,"column":61}},"8":{"start":{"line":24,"column":0},"end":{"line":25,"column":80}},"9":{"start":{"line":25,"column":10},"end":{"line":25,"column":35}},"10":{"start":{"line":27,"column":9},"end":{"line":57,"column":null}},"11":{"start":{"line":28,"column":4},"end":{"line":28,"column":57}},"12":{"start":{"line":32,"column":26},"end":{"line":32,"column":53}},"13":{"start":{"line":33,"column":4},"end":{"line":35,"column":null}},"14":{"start":{"line":34,"column":6},"end":{"line":34,"column":49}},"15":{"start":{"line":37,"column":4},"end":{"line":43,"column":7}},"16":{"start":{"line":39,"column":8},"end":{"line":39,"column":20}},"17":{"start":{"line":47,"column":37},"end":{"line":47,"column":61}},"18":{"start":{"line":49,"column":54},"end":{"line":49,"column":95}},"19":{"start":{"line":55,"column":4},"end":{"line":55,"column":73}},"20":{"start":{"line":56,"column":4},"end":{"line":56,"column":29}},"21":{"start":{"line":58,"column":0},"end":{"line":58,"column":null}}},"fnMap":{"0":{"name":"(anonymous_13)","decl":{"start":{"line":24,"column":0},"end":{"line":24,"column":null}},"loc":{"start":{"line":24,"column":0},"end":{"line":58,"column":null}}},"1":{"name":"(anonymous_15)","decl":{"start":{"line":27,"column":2},"end":{"line":27,"column":9}},"loc":{"start":{"line":27,"column":2},"end":{"line":57,"column":3}}},"2":{"name":"(anonymous_16)","decl":{"start":{"line":38,"column":17},"end":{"line":38,"column":null}},"loc":{"start":{"line":38,"column":17},"end":{"line":40,"column":7}}},"3":{"name":"(anonymous_17)","decl":{"start":{"line":41,"column":13},"end":{"line":41,"column":null}},"loc":{"start":{"line":41,"column":13},"end":{"line":43,"column":5}}}},"branchMap":{"0":{"loc":{"start":{"line":33,"column":4},"end":{"line":35,"column":null}},"type":"if","locations":[{"start":{"line":33,"column":4},"end":{"line":35,"column":null}}]}},"s":{"0":0,"1":0,"2":0,"3":0,"4":0,"5":0,"6":0,"7":0,"8":0,"9":0,"10":0,"11":0,"12":0,"13":0,"14":0,"15":0,"16":0,"17":0,"18":0,"19":0,"20":0,"21":0},"f":{"0":0,"1":0,"2":0,"3":0},"b":{"0":[0]}}
,"C:\\Data\\Projects\\gitproject\\SPFxWithRTL\\src\\extensions\\spfxWithRtl\\componets\\peopleEx.tsx": {"path":"C:\\Data\\Projects\\gitproject\\SPFxWithRTL\\src\\extensions\\spfxWithRtl\\componets\\peopleEx.tsx","statementMap":{"0":{"start":{"line":1,"column":0},"end":{"line":1,"column":31}},"1":{"start":{"line":3,"column":0},"end":{"line":3,"column":88}},"2":{"start":{"line":4,"column":0},"end":{"line":4,"column":71}},"3":{"start":{"line":4,"column":38},"end":{"line":4,"column":43}},"4":{"start":{"line":6,"column":8},"end":{"line":6,"column":null}},"5":{"start":{"line":7,"column":8},"end":{"line":9,"column":10}},"6":{"start":{"line":11,"column":11},"end":{"line":26,"column":null}},"7":{"start":{"line":12,"column":8},"end":{"line":25,"column":10}},"8":{"start":{"line":27,"column":0},"end":{"line":27,"column":null}}},"fnMap":{"0":{"name":"(anonymous_12)","decl":{"start":{"line":4,"column":0},"end":{"line":4,"column":38}},"loc":{"start":{"line":4,"column":0},"end":{"line":27,"column":null}}},"1":{"name":"PepoleEx","decl":{"start":{"line":5,"column":4},"end":{"line":5,"column":16}},"loc":{"start":{"line":5,"column":35},"end":{"line":10,"column":5}}},"2":{"name":"(anonymous_14)","decl":{"start":{"line":11,"column":4},"end":{"line":11,"column":11}},"loc":{"start":{"line":11,"column":4},"end":{"line":26,"column":5}}}},"branchMap":{"0":{"loc":{"start":{"line":6,"column":8},"end":{"line":6,"column":null}},"type":"binary-expr","locations":[{"start":{"line":6,"column":8},"end":{"line":6,"column":20}},{"start":{"line":6,"column":20},"end":{"line":6,"column":null}}]}},"s":{"0":1,"1":1,"2":1,"3":1,"4":2,"5":2,"6":1,"7":2,"8":1},"f":{"0":1,"1":2,"2":2},"b":{"0":[2,2]}}
}
