TN:
SF:src\extensions\spfxWithRtl\SpfxWithRtlApplicationCustomizer.ts
FN:24,(anonymous_13)
FN:27,(anonymous_15)
FN:38,(anonymous_16)
FN:41,(anonymous_17)
FNF:4
FNH:0
FNDA:0,(anonymous_13)
FNDA:0,(anonymous_15)
FNDA:0,(anonymous_16)
FNDA:0,(anonymous_17)
DA:1,0
DA:2,0
DA:3,0
DA:4,0
DA:7,0
DA:8,0
DA:10,0
DA:11,0
DA:24,0
DA:25,0
DA:27,0
DA:28,0
DA:32,0
DA:33,0
DA:34,0
DA:37,0
DA:39,0
DA:47,0
DA:49,0
DA:55,0
DA:56,0
DA:58,0
LF:22
LH:0
BRDA:33,0,0,0
BRF:1
BRH:0
end_of_record
TN:
SF:src\extensions\spfxWithRtl\componets\peopleEx.tsx
FN:4,(anonymous_12)
FN:5,PepoleEx
FN:11,(anonymous_14)
FNF:3
FNH:3
FNDA:1,(anonymous_12)
FNDA:2,PepoleEx
FNDA:2,(anonymous_14)
DA:1,1
DA:3,1
DA:4,1
DA:6,2
DA:7,2
DA:11,1
DA:12,2
DA:27,1
LF:8
LH:8
BRDA:6,0,0,2
BRDA:6,0,1,2
BRF:2
BRH:2
end_of_record
